"C:/Users/Adam/Documents/GitHub/BieleA_SherwoodA/HW1/HW1.uproject" 1
"../../../Engine/Plugins/FastBuildController/FastBuildController.uplugin" 2
"../../../Engine/Plugins/AI/EnvironmentQueryEditor/EnvironmentQueryEditor.uplugin" 3
"../../../Engine/Plugins/MeshPainting/MeshPainting.uplugin" 4
"../../../Engine/Plugins/AI/MassCrowd/MassCrowd.uplugin" 5
"../../../Engine/Plugins/BlueprintFileUtils/BlueprintFileUtils.uplugin" 6
"../../../Engine/Plugins/AudioGameplay/AudioGameplay.uplugin" 7
"../../../Engine/Plugins/AI/HTNPlanner/HTNPlanner.uplugin" 8
"../../../Engine/Plugins/RenderGraphInsights/RenderGraphInsights.uplugin" 9
"../../../Engine/Plugins/LightWeightInstancesEditor/LightWeightInstancesEditor.uplugin" 10
"../../../Engine/Plugins/Bridge/Bridge.uplugin" 11
"../../../Engine/Plugins/XGEController/XGEController.uplugin" 12
"../../../Engine/Plugins/JsonBlueprintUtilities/JsonBlueprintUtilities.uplugin" 13
"../../../Engine/Plugins/Animation/AnimationLocomotionLibrary/AnimationLocomotionLibrary.uplugin" 14
"../../../Engine/Plugins/AudioGameplayVolume/AudioGameplayVolume.uplugin" 15
"../../../Engine/Plugins/Animation/AnimationWarping/AnimationWarping.uplugin" 16
"../../../Engine/Plugins/AI/AISupport/AISupport.uplugin" 17
"../../../Engine/Plugins/Animation/AnimationModifierLibrary/AnimationModifierLibrary.uplugin" 18
"../../../Engine/Plugins/ScriptPlugin/ScriptPlugin.uplugin" 19
"../../../Engine/Plugins/Animation/ControlRigSpline/ControlRigSpline.uplugin" 20
"../../../Engine/Plugins/Animation/GameplayInsights/GameplayInsights.uplugin" 21
"../../../Engine/Plugins/Animation/BlendSpaceMotionAnalysis/BlendSpaceMotionAnalysis.uplugin" 22
"../../../Engine/Plugins/AI/MassAI/MassAI.uplugin" 23
"../../../Engine/Plugins/Animation/ControlRig/ControlRig.uplugin" 24
"../../../Engine/Plugins/Animation/IKRig/IKRig.uplugin" 25
"../../../Engine/Plugins/AI/MLAdapter/MLAdapter.uplugin" 26
"../../../Engine/Plugins/Animation/LiveLink/LiveLink.uplugin" 27
"../../../Engine/Plugins/Animation/LiveLinkCurveDebugUI/LiveLinkCurveDebugUI.uplugin" 28
"../../../Engine/Plugins/Editor/AssetManagerEditor/AssetManagerEditor.uplugin" 29
"../../../Engine/Plugins/Editor/AssetReferenceRestrictions/AssetReferenceRestrictions.uplugin" 30
"../../../Engine/Plugins/Cameras/CameraShakePreviewer/CameraShakePreviewer.uplugin" 31
"../../../Engine/Plugins/Editor/BlueprintMaterialTextureNodes/BlueprintMaterialTextureNodes.uplugin" 32
"../../../Engine/Plugins/Editor/AssetSearch/AssetSearch.uplugin" 33
"../../../Engine/Plugins/2D/Paper2D/Paper2D.uplugin" 34
"../../../Engine/Plugins/Editor/CryptoKeys/CryptoKeys.uplugin" 35
"../../../Engine/Plugins/Editor/CurveEditorTools/CurveEditorTools.uplugin" 36
"../../../Engine/Plugins/Animation/RigLogic/RigLogic.uplugin" 37
"../../../Engine/Plugins/Editor/EditorScriptingUtilities/EditorScriptingUtilities.uplugin" 38
"../../../Engine/Plugins/Editor/GameplayTagsEditor/GameplayTagsEditor.uplugin" 39
"../../../Engine/Plugins/Editor/FacialAnimation/FacialAnimation.uplugin" 40
"../../../Engine/Plugins/Cameras/GameplayCameras/GameplayCameras.uplugin" 41
"../../../Engine/Plugins/Editor/MacGraphicsSwitching/MacGraphicsSwitching.uplugin" 42
"../../../Engine/Plugins/Compression/OodleNetwork/OodleNetwork.uplugin" 43
"../../../Engine/Plugins/Editor/DataValidation/DataValidation.uplugin" 44
"../../../Engine/Plugins/Editor/GeometryMode/GeometryMode.uplugin" 45
"../../../Engine/Plugins/Editor/GLTFImporter/GLTFImporter.uplugin" 46
"../../../Engine/Plugins/Editor/MobileLauncherProfileWizard/MobileLauncherProfileWizard.uplugin" 47
"../../../Engine/Plugins/Editor/SequencerAnimTools/SequencerAnimTools.uplugin" 48
"../../../Engine/Plugins/Editor/PluginBrowser/PluginBrowser.uplugin" 49
"../../../Engine/Plugins/Editor/MaterialAnalyzer/MaterialAnalyzer.uplugin" 50
"../../../Engine/Plugins/Editor/ModelingToolsEditorMode/ModelingToolsEditorMode.uplugin" 51
"../../../Engine/Plugins/Editor/MakeCookedEditorAsDLC/MakeCookedEditorAsDLC.uplugin" 52
"../../../Engine/Plugins/Importers/AlembicHairImporter/AlembicHairImporter.uplugin" 53
"../../../Engine/Plugins/Editor/EditorDebugTools/EditorDebugTools.uplugin" 54
"../../../Engine/Plugins/Experimental/ActorPalette/ActorPalette.uplugin" 55
"../../../Engine/Plugins/Developer/GitSourceControl/GitSourceControl.uplugin" 56
"../../../Engine/Plugins/Editor/ConsoleVariablesEditor/ConsoleVariables.uplugin" 57
"../../../Engine/Plugins/Developer/CLionSourceCodeAccess/CLionSourceCodeAccess.uplugin" 58
"../../../Engine/Plugins/Experimental/AbilitySystemGameFeatureActions/AbilitySystemGameFeatureActions.uplugin" 59
"../../../Engine/Plugins/Developer/KDevelopSourceCodeAccess/KDevelopSourceCodeAccess.uplugin" 60
"../../../Engine/Plugins/Developer/NullSourceCodeAccess/NullSourceCodeAccess.uplugin" 61
"../../../Engine/Plugins/Developer/AnimationSharing/AnimationSharing.uplugin" 62
"../../../Engine/Plugins/Developer/BlankPlugin/BlankPlugin.uplugin" 63
"../../../Engine/Plugins/Developer/OneSkyLocalizationService/OneSkyLocalizationService.uplugin" 64
"../../../Engine/Plugins/Experimental/AppleVision/AppleVision.uplugin" 65
"../../../Engine/Plugins/Compositing/LensDistortion/LensDistortion.uplugin" 66
"../../../Engine/Plugins/Developer/CodeLiteSourceCodeAccess/CodeLiteSourceCodeAccess.uplugin" 67
"../../../Engine/Plugins/Developer/PerforceSourceControl/PerforceSourceControl.uplugin" 68
"../../../Engine/Plugins/Editor/WorldPartitionHLODUtilities/WorldPartitionHLODUtilities.uplugin" 69
"../../../Engine/Plugins/Developer/PluginUtils/PluginUtils.uplugin" 70
"../../../Engine/Plugins/Developer/PixWinPlugin/PixWinPlugin.uplugin" 71
"../../../Engine/Plugins/Experimental/AssetPlacementEdMode/AssetPlacementEdMode.uplugin" 72
"../../../Engine/Plugins/Developer/RiderSourceCodeAccess/RiderSourceCodeAccess.uplugin" 73
"../../../Engine/Plugins/Compositing/Composure/Composure.uplugin" 74
"../../../Engine/Plugins/Experimental/AutomationUtils/AutomationUtils.uplugin" 75
"../../../Engine/Plugins/Experimental/BackChannel/BackChannel.uplugin" 76
"../../../Engine/Plugins/Importers/AlembicImporter/AlembicImporter.uplugin" 77
"../../../Engine/Plugins/Developer/TextureFormatOodle/TextureFormatOodle.uplugin" 78
"../../../Engine/Plugins/Developer/SubversionSourceControl/SubversionSourceControl.uplugin" 79
"../../../Engine/Plugins/Developer/TraceDataFiltering/TraceDataFilters.uplugin" 80
"../../../Engine/Plugins/Developer/PlasticSourceControl/PlasticSourceControl.uplugin" 81
"../../../Engine/Plugins/Developer/TraceSourceFiltering/TraceSourceFilters.uplugin" 82
"../../../Engine/Plugins/Developer/RenderDocPlugin/RenderDocPlugin.uplugin" 83
"../../../Engine/Plugins/Experimental/ChaosCaching/ChaosCaching.uplugin" 84
"../../../Engine/Plugins/Compositing/OpenColorIO/OpenColorIO.uplugin" 85
"../../../Engine/Plugins/Developer/UObjectPlugin/UObjectPlugin.uplugin" 86
"../../../Engine/Plugins/Experimental/ChaosEditor/ChaosEditor.uplugin" 87
"../../../Engine/Plugins/Experimental/ChaosVehiclesPlugin/ChaosVehiclesPlugin.uplugin" 88
"../../../Engine/Plugins/Compositing/OpenCVLensDistortion/OpenCVLensDistortion.uplugin" 89
"../../../Engine/Plugins/Experimental/CodeEditor/CodeEditor.uplugin" 90
"../../../Engine/Plugins/Experimental/BlueprintStats/BlueprintStats.uplugin" 91
"../../../Engine/Plugins/Experimental/CodeView/CodeView.uplugin" 92
"../../../Engine/Plugins/Experimental/ColorCorrectRegions/ColorCorrectRegions.uplugin" 93
"../../../Engine/Plugins/Experimental/ChaosNiagara/ChaosNiagara.uplugin" 94
"../../../Engine/Plugins/Experimental/ChaosCloth/ChaosCloth.uplugin" 95
"../../../Engine/Plugins/Experimental/CharacterAI/CharacterAI.uplugin" 96
"../../../Engine/Plugins/Experimental/ChaosSolverPlugin/ChaosSolverPlugin.uplugin" 97
"../../../Engine/Plugins/Experimental/ComputeFramework/ComputeFramework.uplugin" 98
"../../../Engine/Plugins/Experimental/CommonUI/CommonUI.uplugin" 99
"../../../Engine/Plugins/Experimental/ControlFlows/ControlFlows.uplugin" 100
"../../../Engine/Plugins/Experimental/EnhancedInput/EnhancedInput.uplugin" 101
"../../../Engine/Plugins/Experimental/ExampleAssetEditor/ExampleAssetEditor.uplugin" 102
"../../../Engine/Plugins/Media/AndroidCamera/AndroidCamera.uplugin" 103
"../../../Engine/Plugins/Media/AndroidMedia/AndroidMedia.uplugin" 104
"../../../Engine/Plugins/Experimental/ChaosClothEditor/ChaosClothEditor.uplugin" 105
"../../../Engine/Plugins/Media/AppleProResMedia/AppleProResMedia.uplugin" 106
"../../../Engine/Plugins/Media/AjaMedia/AjaMedia.uplugin" 107
"../../../Engine/Plugins/Editor/SpeedTreeImporter/SpeedTreeImporter.uplugin" 108
"../../../Engine/Plugins/Developer/XCodeSourceCodeAccess/XCodeSourceCodeAccess.uplugin" 109
"../../../Engine/Plugins/Developer/VisualStudioSourceCodeAccess/VisualStudioSourceCodeAccess.uplugin" 110
"../../../Engine/Plugins/Media/AudioCaptureTimecodeProvider/AudioCaptureTimecodeProvider.uplugin" 111
"../../../Engine/Plugins/Experimental/CommonConversation/CommonConversation.uplugin" 112
"../../../Engine/Plugins/Developer/PropertyAccessNode/PropertyAccessNode.uplugin" 113
"../../../Engine/Plugins/Media/BlackmagicMedia/BlackmagicMedia.uplugin" 114
"../../../Engine/Plugins/Media/ElectraUtil/ElectraUtil.uplugin" 115
"../../../Engine/Plugins/Media/HAPMedia/HAPMedia.uplugin" 116
"../../../Engine/Plugins/Developer/VisualStudioCodeSourceCodeAccess/VisualStudioCodeSourceCodeAccess.uplugin" 117
"../../../Engine/Plugins/Developer/XcodeGPUDebuggerPlugin/XcodeGPUDebuggerPlugin.uplugin" 118
"../../../Engine/Plugins/Media/HardwareEncoders/HardwareEncoders.uplugin" 119
"../../../Engine/Plugins/Media/AvfMedia/AvfMedia.uplugin" 120
"../../../Engine/Plugins/Media/MediaCompositing/MediaCompositing.uplugin" 121
"../../../Engine/Plugins/Media/AvidDNxMedia/AvidDNxMedia.uplugin" 122
"../../../Engine/Plugins/Editor/StylusInput/StylusInput.uplugin" 123
"../../../Engine/Plugins/Media/BinkMedia/BinkMedia.uplugin" 124
"../../../Engine/Plugins/Media/ElectraSubtitles/ElectraSubtitles.uplugin" 125
"../../../Engine/Plugins/Media/HLMedia/HLMedia.uplugin" 126
"../../../Engine/Plugins/Media/ElectraCDM/ElectraCDM.uplugin" 127
"../../../Engine/Plugins/Media/MediaPlayerEditor/MediaPlayerEditor.uplugin" 128
"../../../Engine/Plugins/Media/LinearTimecode/LinearTimecode.uplugin" 129
"../../../Engine/Plugins/Media/PixelStreaming/PixelStreaming.uplugin" 130
"../../../Engine/Plugins/Media/MediaMovieStreamer/MediaMovieStreamer.uplugin" 131
"../../../Engine/Plugins/Media/ImgMedia/ImgMedia.uplugin" 132
"../../../Engine/Plugins/Media/MfMedia/MfMedia.uplugin" 133
"../../../Engine/Plugins/Media/ElectraPlayer/ElectraPlayer.uplugin" 134
"../../../Engine/Plugins/Media/TimecodeSynchronizer/TimecodeSynchronizer.uplugin" 135
"../../../Engine/Plugins/Media/MediaFrameworkUtilities/MediaFrameworkUtilities.uplugin" 136
"../../../Engine/Plugins/Media/WmfMedia/WmfMedia.uplugin" 137
"../../../Engine/Plugins/Experimental/FieldSystemPlugin/FieldSystemPlugin.uplugin" 138
"../../../Engine/Plugins/Media/WebMMedia/WebMMedia.uplugin" 139
"../../../Engine/Plugins/Experimental/Gauntlet/Gauntlet.uplugin" 140
"../../../Engine/Plugins/Experimental/GameFeatures/GameFeatures.uplugin" 141
"../../../Engine/Plugins/Experimental/GameplayBehaviors/GameplayBehaviors.uplugin" 142
"../../../Engine/Plugins/Experimental/GeometryCacheAbcFile/GeometryCacheAbcFile.uplugin" 143
"../../../Engine/Plugins/Experimental/GeometryCollectionPlugin/GeometryCollectionPlugin.uplugin" 144
"../../../Engine/Plugins/Experimental/GeometryFlow/GeometryFlow.uplugin" 145
"../../../Engine/Plugins/Experimental/GeometryScripting/GeometryScripting.uplugin" 146
"../../../Engine/Plugins/Experimental/GPULightmass/GPULightmass.uplugin" 147
"../../../Engine/Plugins/Experimental/GizmoEdMode/GizmoEdMode.uplugin" 148
"../../../Engine/Plugins/Experimental/FullBodyIK/FullBodyIK.uplugin" 149
"../../../Engine/Plugins/Experimental/ImagePlate/ImagePlate.uplugin" 150
"../../../Engine/Plugins/Experimental/GizmoFramework/GizmoFramework.uplugin" 151
"../../../Engine/Plugins/MovieScene/CustomizableSequencerTracks/CustomizableSequencerTracks.uplugin" 152
"../../../Engine/Plugins/Experimental/Landmass/Landmass.uplugin" 153
"../../../Engine/Plugins/Experimental/LiveLinkControlRig/LiveLinkControlRig.uplugin" 154
"../../../Engine/Plugins/MovieScene/LevelSequenceEditor/LevelSequenceEditor.uplugin" 155
"../../../Engine/Plugins/MovieScene/MatineeToLevelSequence/MatineeToLevelSequence.uplugin" 156
"../../../Engine/Plugins/Experimental/MeshLODToolset/MeshLODToolset.uplugin" 157
"../../../Engine/Plugins/Experimental/ModularGameplay/ModularGameplay.uplugin" 158
"../../../Engine/Plugins/Experimental/MeshModelingToolsetExp/MeshModelingToolsetExp.uplugin" 159
"../../../Engine/Plugins/MovieScene/MoviePipelineMaskRenderPass/MoviePipelineMaskRenderPass.uplugin" 160
"../../../Engine/Plugins/Media/MediaIOFramework/MediaIOFramework.uplugin" 161
"../../../Engine/Plugins/MovieScene/ActorSequence/ActorSequence.uplugin" 162
"../../../Engine/Plugins/Experimental/OpenImageDenoise/OpenImageDenoise.uplugin" 163
"../../../Engine/Plugins/Experimental/MLDeformer/MLDeformer.uplugin" 164
"../../../Engine/Plugins/Experimental/ImpostorBaker/ImpostorBaker.uplugin" 165
"../../../Engine/Plugins/MovieScene/ReplayTracks/ReplayTracks.uplugin" 166
"../../../Engine/Plugins/MovieScene/MovieRenderPipeline/MovieRenderPipeline.uplugin" 167
"../../../Engine/Plugins/MovieScene/SequencerScripting/SequencerScripting.uplugin" 168
"../../../Engine/Plugins/MovieScene/TemplateSequence/TemplateSequence.uplugin" 169
"../../../Engine/Plugins/NetcodeUnitTest/NetcodeUnitTest/NetcodeUnitTest.uplugin" 170
"../../../Engine/Plugins/Experimental/Optimus/Optimus.uplugin" 171
"../../../Engine/Plugins/NetcodeUnitTest/NUTUnrealEngine/NUTUnrealEngine.uplugin" 172
"../../../Engine/Plugins/Experimental/HairModelingToolset/HairModelingToolset.uplugin" 173
"../../../Engine/Plugins/Experimental/PlanarCutPlugin/PlanarCut.uplugin" 174
"../../../Engine/Plugins/Experimental/NNI/NeuralNetworkInference.uplugin" 175
"../../../Engine/Plugins/Performance/PerformanceMonitor/PerformanceMonitor.uplugin" 176
"../../../Engine/Plugins/Experimental/ProxyLODPlugin/ProxyLODPlugin.uplugin" 177
"../../../Engine/Plugins/Experimental/MotoSynth/MotoSynth.uplugin" 178
"../../../Engine/Plugins/Experimental/RawInput/RawInput.uplugin" 179
"../../../Engine/Plugins/Experimental/PythonFoundationPackages/PythonFoundationPackages.uplugin" 180
"../../../Engine/Plugins/Experimental/PythonScriptPlugin/PythonScriptPlugin.uplugin" 181
"../../../Engine/Plugins/Experimental/RemoteSession/RemoteSession.uplugin" 182
"../../../Engine/Plugins/Experimental/Shotgrid/Shotgrid.uplugin" 183
"../../../Engine/Plugins/Experimental/SimpleHMD/SimpleHMD.uplugin" 184
"../../../Engine/Plugins/Experimental/SlateScreenReader/SlateScreenReader.uplugin" 185
"../../../Engine/Plugins/Experimental/StaticMeshEditorModeling/StaticMeshEditorModeling.uplugin" 186
"../../../Engine/Plugins/Experimental/Text3D/Text3D.uplugin" 187
"../../../Engine/Plugins/Experimental/UVEditor/UVEditor.uplugin" 188
"../../../Engine/Plugins/Experimental/SkeletalReduction/SkeletalReduction.uplugin" 189
"../../../Engine/Plugins/Experimental/SampleToolsEditorMode/SampleToolsEditorMode.uplugin" 190
"../../../Engine/Plugins/Experimental/VirtualCamera/VirtualCamera.uplugin" 191
"../../../Engine/Plugins/Experimental/Water/Water.uplugin" 192
"../../../Engine/Plugins/Experimental/TextToSpeech/TextToSpeech.uplugin" 193
"../../../Engine/Plugins/Experimental/VirtualHeightfieldMesh/VirtualHeightfieldMesh.uplugin" 194
"../../../Engine/Plugins/Experimental/VirtualProductionUtilities/VirtualProductionUtilities.uplugin" 195
"../../../Engine/Plugins/Experimental/WebSocketNetworking/WebSocketNetworking.uplugin" 196
"../../../Engine/Plugins/Experimental/WaveFunctionCollapse/WaveFunctionCollapse.uplugin" 197
"../../../Engine/Plugins/Importers/USDMultiUser/USDMultiUser.uplugin" 198
"../../../Engine/Plugins/Importers/USDImporter/USDImporter.uplugin" 199
"../../../Engine/Plugins/Experimental/ScreenReader/ScreenReader.uplugin" 200
"../../../Engine/Plugins/Experimental/PlatformCrypto/PlatformCrypto.uplugin" 201
"../../../Engine/Plugins/Experimental/Volumetrics/Volumetrics.uplugin" 202
"../../../Engine/Plugins/Experimental/PanoramicCapture/PanoramicCapture.uplugin" 203
"../../../Engine/Plugins/Tests/AutomationDriverTests/AutomationDriverTests.uplugin" 204
"../../../Engine/Plugins/Slate/SlateInsights/SlateInsights.uplugin" 205
"../../../Engine/Plugins/Tests/EditorTests/EditorTests.uplugin" 206
"../../../Engine/Plugins/Tests/PythonAutomationTest/PythonAutomationTest.uplugin" 207
"../../../Engine/Plugins/Slate/SlateScripting/SlateScripting.uplugin" 208
"../../../Engine/Plugins/Tests/FunctionalTestingEditor/FunctionalTestingEditor.uplugin" 209
"../../../Engine/Plugins/Tests/FbxAutomationTestBuilder/FbxAutomationTestBuilder.uplugin" 210
"../../../Engine/Plugins/Tests/RuntimeTests/RuntimeTests.uplugin" 211
"../../../Engine/Plugins/Tests/TestSamples/TestSamples.uplugin" 212
"../../../Engine/Plugins/Experimental/WaterExtras/WaterExtras.uplugin" 213
"../../../Engine/Plugins/Online/EOSShared/EOSShared.uplugin" 214
"../../../Engine/Plugins/Online/OnlineBase/OnlineBase.uplugin" 215
"../../../Engine/Plugins/Online/OnlineSubsystemEOS/OnlineSubsystemEOS.uplugin" 216
"../../../Engine/Plugins/Online/OnlineSubsystemAmazon/OnlineSubsystemAmazon.uplugin" 217
"../../../Engine/Plugins/Online/OnlineSubsystem/OnlineSubsystem.uplugin" 218
"../../../Engine/Plugins/Online/OnlineSubsystemApple/OnlineSubsystemApple.uplugin" 219
"../../../Engine/Plugins/Online/OnlineSubsystemGoogle/OnlineSubsystemGoogle.uplugin" 220
"../../../Engine/Plugins/Online/OnlineSubsystemOculus/OnlineSubsystemOculus.uplugin" 221
"../../../Engine/Plugins/Online/OnlineSubsystemUtils/OnlineSubsystemUtils.uplugin" 222
"../../../Engine/Plugins/Tests/RHITests/RHITests.uplugin" 223
"../../../Engine/Plugins/Online/SocketSubsystemEOS/SocketSubsystemEOS.uplugin" 224
"../../../Engine/Plugins/Online/OnlineFramework/OnlineFramework.uplugin" 225
"../../../Engine/Plugins/Online/WebAuth/WebAuth.uplugin" 226
"../../../Engine/Plugins/Online/OnlineSubsystemTencent/OnlineSubsystemTencent.uplugin" 227
"../../../Engine/Plugins/Runtime/ActorLayerUtilities/ActorLayerUtilities.uplugin" 228
"../../../Engine/Plugins/Online/OnlineSubsystemFacebook/OnlineSubsystemFacebook.uplugin" 229
"../../../Engine/Plugins/Online/OnlineSubsystemNull/OnlineSubsystemNull.uplugin" 230
"../../../Engine/Plugins/Online/OnlineSubsystemSteam/OnlineSubsystemSteam.uplugin" 231
"../../../Engine/Plugins/Runtime/AndroidFileServer/AndroidFileServer.uplugin" 232
"../../../Engine/Plugins/Runtime/AndroidBackgroundService/AndroidBackgroundService.uplugin" 233
"../../../Engine/Plugins/Runtime/AndroidPermission/AndroidPermission.uplugin" 234
"../../../Engine/Plugins/Runtime/AnimationBudgetAllocator/AnimationBudgetAllocator.uplugin" 235
"../../../Engine/Plugins/Runtime/ApexDestruction/ApexDestruction.uplugin" 236
"../../../Engine/Plugins/Runtime/AppleImageUtils/AppleImageUtils.uplugin" 237
"../../../Engine/Plugins/Online/OnlineSubsystemTwitch/OnlineSubsystemTwitch.uplugin" 238
"../../../Engine/Plugins/Runtime/AppleMoviePlayer/AppleMoviePlayer.uplugin" 239
"../../../Engine/Plugins/Runtime/AndroidMoviePlayer/AndroidMoviePlayer.uplugin" 240
"../../../Engine/Plugins/Runtime/AssetTags/AssetTags.uplugin" 241
"../../../Engine/Plugins/Runtime/AudioCapture/AudioCapture.uplugin" 242
"../../../Engine/Plugins/VirtualProduction/CameraCalibrationCore/CameraCalibrationCore.uplugin" 243
"../../../Engine/Plugins/Runtime/AudioModulation/AudioModulation.uplugin" 244
"../../../Engine/Plugins/Runtime/ChunkDownloader/ChunkDownloader.uplugin" 245
"../../../Engine/Plugins/Runtime/AudioSynesthesia/AudioSynesthesia.uplugin" 246
"../../../Engine/Plugins/Experimental/StructUtils/StructUtils.uplugin" 247
"../../../Engine/Plugins/Runtime/CableComponent/CableComponent.uplugin" 248
"../../../Engine/Plugins/Runtime/DataRegistry/DataRegistry.uplugin" 249
"../../../Engine/Plugins/Runtime/AndroidDeviceProfileSelector/AndroidDeviceProfileSelector.uplugin" 250
"../../../Engine/Plugins/Runtime/CustomMeshComponent/CustomMeshComponent.uplugin" 251
"../../../Engine/Plugins/VirtualProduction/CameraCalibration/CameraCalibration.uplugin" 252
"../../../Engine/Plugins/VirtualProduction/DataCharts/DataCharts.uplugin" 253
"../../../Engine/Plugins/Runtime/ExampleDeviceProfileSelector/ExampleDeviceProfileSelector.uplugin" 254
"../../../Engine/Plugins/VirtualProduction/CompositePlane/CompositePlane.uplugin" 255
"../../../Engine/Plugins/VirtualProduction/ICVFX/ICVFX.uplugin" 256
"../../../Engine/Plugins/VirtualProduction/LiveLinkFreeD/LiveLinkFreeD.uplugin" 257
"../../../Engine/Plugins/VirtualProduction/LevelSnapshots/LevelSnapshots.uplugin" 258
"../../../Engine/Plugins/Runtime/Firebase/Firebase.uplugin" 259
"../../../Engine/Plugins/VirtualProduction/LiveLinkCamera/LiveLinkCamera.uplugin" 260
"../../../Engine/Plugins/VirtualProduction/LiveLinkLens/LiveLinkLens.uplugin" 261
"../../../Engine/Plugins/VirtualProduction/LiveLinkPrestonMDR/LiveLinkPrestonMDR.uplugin" 262
"../../../Engine/Plugins/VirtualProduction/LiveLinkVRPN/LiveLinkVRPN.uplugin" 263
"../../../Engine/Plugins/Runtime/AudioWidgets/AudioWidgets.uplugin" 264
"../../../Engine/Plugins/VirtualProduction/MultiUserTakes/MultiUserTakes.uplugin" 265
"../../../Engine/Plugins/Runtime/ArchVisCharacter/ArchVisCharacter.uplugin" 266
"../../../Engine/Plugins/VirtualProduction/LiveLinkMasterLockit/LiveLinkMasterLockit.uplugin" 267
"../../../Engine/Plugins/VirtualProduction/RemoteControlInterception/RemoteControlInterception.uplugin" 268
"../../../Engine/Plugins/Portal/LauncherChunkInstaller/LauncherChunkInstaller.uplugin" 269
"../../../Engine/Plugins/VirtualProduction/RemoteControlProtocolDMX/RemoteControlProtocolDMX.uplugin" 270
"../../../Engine/Plugins/VirtualProduction/RemoteControl/RemoteControl.uplugin" 271
"../../../Engine/Plugins/VirtualProduction/RemoteControlProtocolMIDI/RemoteControlProtocolMIDI.uplugin" 272
"../../../Engine/Plugins/VirtualProduction/LiveLinkXR/LiveLinkXR.uplugin" 273
"../../../Engine/Plugins/VirtualProduction/RemoteControlProtocolOSC/RemoteControlProtocolOSC.uplugin" 274
"../../../Engine/Plugins/VirtualProduction/Takes/Takes.uplugin" 275
"../../../Engine/Plugins/VirtualProduction/Switchboard/Switchboard.uplugin" 276
"../../../Engine/Plugins/VirtualProduction/SequencerPlaylists/SequencerPlaylists.uplugin" 277
"../../../Engine/Plugins/Runtime/GeometryCache/GeometryCache.uplugin" 278
"../../../Engine/Plugins/VirtualProduction/StageMonitoring/StageMonitoring.uplugin" 279
"../../../Engine/Plugins/Runtime/GeometryProcessing/GeometryProcessing.uplugin" 280
"../../../Engine/Plugins/VirtualProduction/RemoteControlWebInterface/RemoteControlWebInterface.uplugin" 281
"../../../Engine/Plugins/Runtime/GameplayAbilities/GameplayAbilities.uplugin" 282
"../../../Engine/Plugins/Runtime/GoogleCloudMessaging/GoogleCloudMessaging.uplugin" 283
"../../../Engine/Plugins/Runtime/GeoReferencing/GeoReferencing.uplugin" 284
"../../../Engine/Plugins/Runtime/HDRIBackdrop/HDRIBackdrop.uplugin" 285
"../../../Engine/Plugins/Runtime/IOSDeviceProfileSelector/IOSDeviceProfileSelector.uplugin" 286
"../../../Engine/Plugins/Runtime/HairStrands/HairStrands.uplugin" 287
"../../../Engine/Plugins/Enterprise/DataprepEditor/DataprepEditor.uplugin" 288
"../../../Engine/Plugins/Runtime/HTTPChunkInstaller/HTTPChunkInstaller.uplugin" 289
"../../../Engine/Plugins/Enterprise/AxFImporter/AxFImporter.uplugin" 290
"../../../Engine/Plugins/Enterprise/DatasmithC4DImporter/DatasmithC4DImporter.uplugin" 291
"../../../Engine/Plugins/Runtime/GooglePAD/GooglePAD.uplugin" 292
"../../../Engine/Plugins/Runtime/IOSReplayKit/IOSReplayKit.uplugin" 293
"../../../Engine/Plugins/VirtualProduction/TimedDataMonitor/TimedDataMonitor.uplugin" 294
"../../../Engine/Plugins/Runtime/LinuxDeviceProfileSelector/LinuxDeviceProfileSelector.uplugin" 295
"../../../Engine/Plugins/Enterprise/DatasmithContent/DatasmithContent.uplugin" 296
"../../../Engine/Plugins/Runtime/LiveLinkOvernDisplay/LiveLinkOverNDisplay.uplugin" 297
"../../../Engine/Plugins/Enterprise/DatasmithFBXImporter/DatasmithFBXImporter.uplugin" 298
"../../../Engine/Plugins/Runtime/MassEntity/MassEntity.uplugin" 299
"../../../Engine/Plugins/Runtime/MeshModelingToolset/MeshModelingToolset.uplugin" 300
"../../../Engine/Plugins/Runtime/LocationServicesIOSImpl/LocationServicesIOSImpl.uplugin" 301
"../../../Engine/Plugins/Runtime/MassGameplay/MassGameplay.uplugin" 302
"../../../Engine/Plugins/Runtime/LocationServicesBPLibrary/LocationServicesBPLibrary.uplugin" 303
"../../../Engine/Plugins/Runtime/Metasound/Metasound.uplugin" 304
"../../../Engine/Plugins/Runtime/MicrosoftSpatialAudio/MicroSoftSpatialSound.uplugin" 305
"../../../Engine/Plugins/Runtime/MobilePatchingUtils/MobilePatchingUtils.uplugin" 306
"../../../Engine/Plugins/Enterprise/DatasmithCADImporter/DatasmithCADImporter.uplugin" 307
"../../../Engine/Plugins/Runtime/LocationServicesAndroidImpl/LocationServicesAndroidImpl.uplugin" 308
"../../../Engine/Plugins/Runtime/nDisplay/nDisplay.uplugin" 309
"../../../Engine/Plugins/Enterprise/DatasmithGLTFImporter/DatasmithGLTFImporter.uplugin" 310
"../../../Engine/Plugins/Runtime/MixedRealityCaptureFramework/MixedRealityCaptureFramework.uplugin" 311
"../../../Engine/Plugins/Enterprise/DatasmithIFCImporter/DatasmithIFCImporter.uplugin" 312
"../../../Engine/Plugins/Enterprise/DatasmithImporter/DatasmithImporter.uplugin" 313
"../../../Engine/Plugins/Enterprise/LidarPointCloud/LidarPointCloud.uplugin" 314
"../../../Engine/Plugins/Runtime/MIDIDevice/MIDIDevice.uplugin" 315
"../../../Engine/Plugins/Enterprise/MDLImporter/MDLImporter.uplugin" 316
"../../../Engine/Plugins/Enterprise/VariantManagerContent/VariantManagerContent.uplugin" 317
"../../../Engine/Plugins/Messaging/MessagingDebugger/MessagingDebugger.uplugin" 318
"../../../Engine/Plugins/Messaging/UdpMessaging/UdpMessaging.uplugin" 319
"../../../Engine/Plugins/Messaging/TcpMessaging/TcpMessaging.uplugin" 320
"../../../Engine/Plugins/FX/Niagara/Niagara.uplugin" 321
"../../../Engine/Plugins/Runtime/NetworkPrediction/NetworkPrediction.uplugin" 322
"../../../Engine/Plugins/FX/NiagaraFluids/NiagaraFluids.uplugin" 323
"../../../Engine/Plugins/FX/CascadeToNiagaraConverter/CascadeToNiagaraConverter.uplugin" 324
"../../../Engine/Plugins/Runtime/OpenCV/OpenCV.uplugin" 325
"../../../Engine/Plugins/Runtime/NetworkPredictionExtras/NetworkPredictionExtras.uplugin" 326
"../../../Engine/Plugins/Runtime/OpenXR/OpenXR.uplugin" 327
"../../../Engine/Plugins/Runtime/OpenXRHandTracking/OpenXRHandTracking.uplugin" 328
"../../../Engine/Plugins/Runtime/OpenXREyeTracker/OpenXREyeTracker.uplugin" 329
"../../../Engine/Plugins/Runtime/OpenXRMsftHandInteraction/OpenXRMsftHandInteraction.uplugin" 330
"../../../Engine/Plugins/Runtime/NetworkPredictionInsights/NetworkPredictionInsights.uplugin" 331
"../../../Engine/Plugins/FX/ExampleCustomDataInterface/ExampleCustomDataInterface.uplugin" 332
"../../../Engine/Plugins/Runtime/OptionalMobileFeaturesBPLibrary/OptionalMobileFeaturesBPLibrary.uplugin" 333
"../../../Engine/Plugins/Runtime/OSC/OSC.uplugin" 334
"../../../Engine/Plugins/Runtime/ProceduralMeshComponent/ProceduralMeshComponent.uplugin" 335
"../../../Engine/Plugins/Enterprise/VariantManager/VariantManager.uplugin" 336
"../../../Engine/Plugins/Runtime/OSCModulationMixing/OSCModulationMixing.uplugin" 337
"../../../Engine/Plugins/Runtime/HPMotionController/HPMotionController.uplugin" 338
"../../../Engine/Plugins/Runtime/RuntimePhysXCooking/RuntimePhysXCooking.uplugin" 339
"../../../Engine/Plugins/Runtime/SkeletalMerging/SkeletalMerging.uplugin" 340
"../../../Engine/Plugins/Runtime/SoundCueTemplates/SoundCueTemplates.uplugin" 341
"../../../Engine/Plugins/Runtime/ReplicationGraph/ReplicationGraph.uplugin" 342
"../../../Engine/Plugins/Runtime/ResonanceAudio/ResonanceAudio.uplugin" 343
"../../../Engine/Plugins/Runtime/PreLoadScreenMoviePlayer/PreLoadScreenMoviePlayer.uplugin" 344
"../../../Engine/Plugins/Runtime/SignificanceManager/SignificanceManager.uplugin" 345
"../../../Engine/Plugins/Runtime/PropertyAccess/PropertyAccessEditor.uplugin" 346
"../../../Engine/Plugins/Runtime/SunPosition/SunPosition.uplugin" 347
"../../../Engine/Plugins/Runtime/Spatialization/Spatialization.uplugin" 348
"../../../Engine/Plugins/Runtime/TextureShare/TextureShare.uplugin" 349
"../../../Engine/Plugins/Runtime/WarpUtils/WarpUtils.uplugin" 350
"../../../Engine/Plugins/Runtime/WebBrowserWidget/WebBrowserWidget.uplugin" 351
"../../../Engine/Plugins/Runtime/SmartObjects/SmartObjects.uplugin" 352
"../../../Engine/Plugins/Runtime/WindowsDeviceProfileSelector/WindowsDeviceProfileSelector.uplugin" 353
"../../../Engine/Plugins/Runtime/PhysXVehicles/PhysXVehicles.uplugin" 354
"../../../Engine/Plugins/Runtime/Synthesis/Synthesis.uplugin" 355
"../../../Engine/Plugins/Runtime/WebMMoviePlayer/WebMMoviePlayer.uplugin" 356
"../../../Engine/Plugins/Runtime/WindowsMixedReality/WindowsMixedReality.uplugin" 357
"../../../Engine/Plugins/Runtime/WindowsMoviePlayer/WindowsMoviePlayer.uplugin" 358
"../../../Engine/Plugins/Runtime/SoundUtilities/SoundUtilities.uplugin" 359
"../../../Engine/Plugins/Runtime/SoundFields/SoundFields.uplugin" 360
"../../../Engine/Plugins/Runtime/ZoneGraphAnnotations/ZoneGraphAnnotations.uplugin" 361
"../../../Engine/Plugins/Runtime/WebBrowserNativeProxy/WebBrowserNativeProxy.uplugin" 362
"../../../Engine/Plugins/Runtime/SoundMod/SoundMod.uplugin" 363
"../../../Engine/Plugins/Runtime/ZoneGraph/ZoneGraph.uplugin" 364
"../../../Engine/Plugins/Editor/ContentBrowser/ContentBrowserClassDataSource/ContentBrowserClassDataSource.uplugin" 365
"../../../Engine/Plugins/Editor/ContentBrowser/ContentBrowserAssetDataSource/ContentBrowserAssetDataSource.uplugin" 366
"../../../Engine/Plugins/Editor/ContentBrowser/ContentBrowserFileDataSource/ContentBrowserFileDataSource.uplugin" 367
"../../../Engine/Plugins/Developer/Concert/ConcertMain/ConcertMain.uplugin" 368
"../../../Engine/Plugins/Editor/ContentBrowser/ContentBrowserAliasDataSoure/ContentBrowserAliasDataSource.uplugin" 369
"../../../Engine/Plugins/Developer/Concert/DisasterRecoveryClient/DisasterRecoveryClient.uplugin" 370
"../../../Engine/Plugins/Experimental/Animation/PoseSearch/PoseSearch.uplugin" 371
"../../../Engine/Plugins/Experimental/Animation/MotionWarping/MotionWarping.uplugin" 372
"../../../Engine/Plugins/Experimental/Animation/ContextualAnimation/ContextualAnimation.uplugin" 373
"../../../Engine/Plugins/Experimental/AR/PointCloud/PointCloud.uplugin" 374
"../../../Engine/Plugins/Runtime/StateTree/StateTree.uplugin" 375
"../../../Engine/Plugins/Experimental/Animation/MotionTrajectory/MotionTrajectory.uplugin" 376
"../../../Engine/Plugins/Experimental/Enterprise/DataprepGeometryOperations/DataprepGeometryOperations.uplugin" 377
"../../../Engine/Plugins/Experimental/Enterprise/DatasmithRuntime/DatasmithRuntime.uplugin" 378
"../../../Engine/Plugins/Experimental/Interchange/Editor/InterchangeEditor.uplugin" 379
"../../../Engine/Plugins/Experimental/VirtualProduction/LedWallCalibration/LedWallCalibration.uplugin" 380
"../../../Engine/Plugins/Online/Android/AndroidFetchBackgroundDownload/AndroidFetchBackgroundDownload.uplugin" 381
"../../../Engine/Plugins/Online/Android/OnlineSubsystemGooglePlay/OnlineSubsystemGooglePlay.uplugin" 382
"../../../Engine/Plugins/Online/IOS/OnlineSubsystemIOS/OnlineSubsystemIOS.uplugin" 383
"../../../Engine/Plugins/Online/Experimental/OnlineServicesNull/OnlineServicesNull.uplugin" 384
"../../../Engine/Plugins/Online/Android/OnlineSubsystemGameCircle/OnlineSubsystemGameCircle.uplugin" 385
"../../../Engine/Plugins/Experimental/Interchange/Runtime/Interchange.uplugin" 386
"../../../Engine/Plugins/Online/Experimental/OnlineServices/OnlineServices.uplugin" 387
"../../../Engine/Plugins/Developer/Concert/MultiUserClient/MultiUserClient.uplugin" 388
"../../../Engine/Plugins/Online/Experimental/OnlineServicesEOS/OnlineServicesEOS.uplugin" 389
"../../../Engine/Plugins/Online/VoiceChat/VoiceChat/VoiceChat.uplugin" 390
"../../../Engine/Plugins/Online/Experimental/OnlineServicesOSSAdapter/OnlineServicesOSSAdapter.uplugin" 391
"../../../Engine/Plugins/Online/VoiceChat/EOSVoiceChat/EOSVoiceChat.uplugin" 392
"../../../Engine/Plugins/Runtime/Advertising/IOSTapJoy/IOSTapJoy.uplugin" 393
"../../../Engine/Plugins/Runtime/Analytics/Adjust/Adjust.uplugin" 394
"../../../Engine/Plugins/Runtime/Analytics/AnalyticsMulticast/AnalyticsMulticast.uplugin" 395
"../../../Engine/Plugins/Runtime/Analytics/Flurry/Flurry.uplugin" 396
"../../../Engine/Plugins/Runtime/Analytics/FileLogging/FileLogging.uplugin" 397
"../../../Engine/Plugins/Runtime/Analytics/AnalyticsBlueprintLibrary/AnalyticsBlueprintLibrary.uplugin" 398
"../../../Engine/Plugins/Runtime/AR/AzureSpatialAnchors/AzureSpatialAnchors.uplugin" 399
"../../../Engine/Plugins/Runtime/AR/AzureSpatialAnchorsForARKit/AzureSpatialAnchorsForARKit.uplugin" 400
"../../../Engine/Plugins/Runtime/AR/AzureSpatialAnchorsForARCore/AzureSpatialAnchorsForARCore.uplugin" 401
"../../../Engine/Plugins/Runtime/Database/RemoteDatabaseSupport/RemoteDatabaseSupport.uplugin" 402
"../../../Engine/Plugins/VirtualProduction/DMX/DMXEngine/DMXEngine.uplugin" 403
"../../../Engine/Plugins/Runtime/AR/ARUtilities/ARUtilities.uplugin" 404
"../../../Engine/Plugins/VirtualProduction/DMX/DMXFixtures/DMXFixtures.uplugin" 405
"../../../Engine/Plugins/Runtime/Database/ADOSupport/ADOSupport.uplugin" 406
"../../../Engine/Plugins/Runtime/AR/AzureSpatialAnchorsForWMR/AzureSpatialAnchorsForWMR.uplugin" 407
"../../../Engine/Plugins/Runtime/Database/DatabaseSupport/DatabaseSupport.uplugin" 408
"../../../Engine/Plugins/VirtualProduction/DMX/DMXPixelMapping/DMXPixelMapping.uplugin" 409
"../../../Engine/Plugins/Runtime/Database/SQLiteSupport/SQLiteSupport.uplugin" 410
"../../../Engine/Plugins/VirtualProduction/DMX/DMXProtocol/DMXProtocol.uplugin" 411
"../../../Engine/Plugins/Runtime/Nvidia/Reflex/Reflex.uplugin" 412
"../../../Engine/Plugins/VirtualProduction/DMX/DMXDisplayCluster/DMXDisplayCluster.uplugin" 413
"../../../Engine/Plugins/Runtime/MeshReconstruction/DummyMeshReconstructor/DummyMeshReconstructor.uplugin" 414
"../../../Engine/Plugins/Runtime/Oculus/OculusAudio/OculusAudio.uplugin" 415
"../../../Engine/Plugins/Runtime/PacketHandlers/DTLSHandlerComponent/DTLSHandlerComponent.uplugin" 416
"../../../Engine/Plugins/Runtime/PacketHandlers/AESGCMHandlerComponent/AESGCMHandlerComponent.uplugin" 417
"../../../Engine/Plugins/Runtime/Oculus/OculusVR/OculusVR.uplugin" 418
"../../../Engine/Plugins/Runtime/Steam/SteamSockets/SteamSockets.uplugin" 419
"../../../Engine/Plugins/Runtime/Database/SQLiteCore/SQLiteCore.uplugin" 420
"../../../Engine/Plugins/Runtime/PacketHandlers/AESHandlerComponent/AESHandlerComponent.uplugin" 421
"../../../Engine/Plugins/Runtime/Steam/SteamVR/SteamVR.uplugin" 422
"../../../Engine/Plugins/Runtime/Steam/SteamShared/SteamShared.uplugin" 423
"../../../Engine/Plugins/Runtime/Steam/SteamAudio/SteamAudio.uplugin" 424
"../../../Engine/Plugins/Runtime/Steam/SteamController/SteamController.uplugin" 425
"../../../Engine/Plugins/Runtime/XR/XRVisualization/XRVisualization.uplugin" 426
"../../../Engine/Plugins/Runtime/Windows/WinDualShock/WinDualShock.uplugin" 427
"../../../Engine/Plugins/Developer/Concert/ConcertSync/ConcertSyncClient/ConcertSyncClient.uplugin" 428
"../../../Engine/Plugins/Developer/Concert/ConcertSync/ConcertSyncTest/ConcertSyncTest.uplugin" 429
"../../../Engine/Plugins/Developer/Concert/ConcertSync/ConcertSyncCore/ConcertSyncCore.uplugin" 430
"../../../Engine/Plugins/Developer/Concert/ConcertSync/ConcertSyncServer/ConcertSyncServer.uplugin" 431
"../../../Engine/Plugins/Runtime/AR/AppleAR/AppleARKitFaceSupport/AppleARKitFaceSupport.uplugin" 432
"../../../Engine/Plugins/Runtime/AR/Google/GoogleARCoreServices/GoogleARCoreServices.uplugin" 433
"../../../Engine/Plugins/Runtime/AR/Google/GoogleARCore/GoogleARCore.uplugin" 434
"../../../Engine/Plugins/Runtime/AR/AppleAR/AppleARKit/AppleARKit.uplugin" 435
"../../../Engine/Content/Internationalization/icudt64l/cnvalias.icu" 436
"../../../Engine/Content/Internationalization/icudt64l/res_index.res" 437
"../../../Engine/Content/Internationalization/icudt64l/plurals.res" 438
"../../../Engine/Content/Internationalization/icudt64l/lang/en.res" 439
"../../../Engine/Content/Internationalization/icudt64l/lang/pool.res" 440
"../../../Engine/Content/Internationalization/icudt64l/lang/root.res" 441
"../../../Engine/Content/Internationalization/icudt64l/region/en.res" 442
"../../../Engine/Content/Internationalization/icudt64l/region/pool.res" 443
"../../../Engine/Content/Internationalization/icudt64l/region/root.res" 444
"../../../Engine/Content/Internationalization/icudt64l/windowsZones.res" 445
"../../../Engine/Content/Internationalization/icudt64l/zoneinfo64.res" 446
"../../../Engine/Content/Internationalization/icudt64l/keyTypeData.res" 447
"../../../Engine/Content/Internationalization/icudt64l/timezoneTypes.res" 448
"../../../Engine/Content/Internationalization/icudt64l/likelySubtags.res" 449
"../../../Engine/Content/Internationalization/icudt64l/en_US.res" 450
"../../../Engine/Content/Internationalization/icudt64l/pool.res" 451
"../../../Engine/Content/Internationalization/icudt64l/en.res" 452
"../../../Engine/Content/Internationalization/icudt64l/root.res" 453
"../../../Engine/Content/Internationalization/icudt64l/supplementalData.res" 454
"C:/Users/Adam/AppData/Local/UnrealEngine/5.0/Saved/Config/WindowsEditor/Manifest.ini" 455
"../../../Engine/Config/Base.ini" 456
"../../../Engine/Config/BaseEngine.ini" 457
"../../../Engine/Config/Windows/BaseWindowsEngine.ini" 458
"../../../../../../Users/Adam/Documents/GitHub/BieleA_SherwoodA/HW1/Config/DefaultEngine.ini" 459
"../../../Engine/Config/Windows/WindowsEngine.ini" 460
"C:/Users/Adam/AppData/Local/Unreal Engine/Engine/Config/UserEngine.ini" 461
"C:/Users/Adam/Documents/GitHub/BieleA_SherwoodA/HW1/Saved/Config/WindowsEditor/Engine.ini" 462
"../../../Engine/Config/BaseGame.ini" 463
"../../../../../../Users/Adam/Documents/GitHub/BieleA_SherwoodA/HW1/Config/DefaultGame.ini" 464
"../../../Engine/Config/Windows/WindowsGame.ini" 465
"C:/Users/Adam/Documents/GitHub/BieleA_SherwoodA/HW1/Saved/Config/WindowsEditor/Game.ini" 466
"../../../Engine/Config/BaseInput.ini" 467
"../../../../../../Users/Adam/Documents/GitHub/BieleA_SherwoodA/HW1/Config/DefaultInput.ini" 468
"C:/Users/Adam/Documents/GitHub/BieleA_SherwoodA/HW1/Saved/Config/WindowsEditor/Input.ini" 469
"../../../Engine/Config/BaseDeviceProfiles.ini" 470
"C:/Users/Adam/Documents/GitHub/BieleA_SherwoodA/HW1/Saved/Config/WindowsEditor/DeviceProfiles.ini" 471
"../../../Engine/Config/BaseGameUserSettings.ini" 472
"C:/Users/Adam/Documents/GitHub/BieleA_SherwoodA/HW1/Saved/Config/WindowsEditor/GameUserSettings.ini" 473
"../../../Engine/Config/BaseScalability.ini" 474
"C:/Users/Adam/Documents/GitHub/BieleA_SherwoodA/HW1/Saved/Config/WindowsEditor/Scalability.ini" 475
"../../../Engine/Config/BaseRuntimeOptions.ini" 476
"C:/Users/Adam/Documents/GitHub/BieleA_SherwoodA/HW1/Saved/Config/WindowsEditor/RuntimeOptions.ini" 477
"../../../Engine/Config/BaseInstallBundle.ini" 478
"../../../Engine/Config/BaseHardware.ini" 479
"C:/Users/Adam/Documents/GitHub/BieleA_SherwoodA/HW1/Saved/Config/WindowsEditor/Hardware.ini" 480
"../../../Engine/Config/BaseEditor.ini" 481
"../../../../../../Users/Adam/Documents/GitHub/BieleA_SherwoodA/HW1/Config/DefaultEditor.ini" 482
"C:/Users/Adam/Documents/GitHub/BieleA_SherwoodA/HW1/Saved/Config/WindowsEditor/Editor.ini" 483
"../../../Engine/Config/BaseEditorPerProjectUserSettings.ini" 484
"../../../../../../Users/Adam/Documents/GitHub/BieleA_SherwoodA/HW1/Config/DefaultEditorPerProjectUserSettings.ini" 485
"../../../Engine/Config/Windows/WindowsEditorPerProjectUserSettings.ini" 486
"C:/Users/Adam/Documents/GitHub/BieleA_SherwoodA/HW1/Saved/Config/WindowsEditor/EditorPerProjectUserSettings.ini" 487
"../../../Engine/Config/BaseEditorSettings.ini" 488
"C:/Users/Adam/AppData/Local/UnrealEngine/5.0/Saved/Config/WindowsEditor/EditorSettings.ini" 489
"../../../Engine/Config/BaseEditorKeyBindings.ini" 490
"C:/Users/Adam/AppData/Local/UnrealEngine/5.0/Saved/Config/WindowsEditor/EditorKeyBindings.ini" 491
"C:/Users/Adam/AppData/Local/UnrealEngine/5.0/Saved/Config/WindowsEditor/EditorLayout.ini" 492
"../../../Engine/Config/BaseCompat.ini" 493
"C:/Users/Adam/Documents/GitHub/BieleA_SherwoodA/HW1/Saved/Config/WindowsEditor/Compat.ini" 494
"../../../Engine/Config/BaseLightmass.ini" 495
"C:/Users/Adam/Documents/GitHub/BieleA_SherwoodA/HW1/Saved/Config/WindowsEditor/Lightmass.ini" 496
"../../../Engine/Config/IOS/BaseIOSEngine.ini" 497
"../../../Engine/Config/HoloLens/HoloLensEngine.ini" 498
"../../../Engine/Config/Android/BaseAndroidEngine.ini" 499
"../../../Engine/Config/IOS/IOSEngine.ini" 500
"../../../Engine/Config/Linux/BaseLinuxEngine.ini" 501
"../../../Engine/Config/Unix/UnixEngine.ini" 502
"../../../../../../Users/Adam/Documents/GitHub/BieleA_SherwoodA/HW1/Config/HoloLens/HoloLensEngine.ini" 503
"../../../Engine/Config/Mac/BaseMacEngine.ini" 504
"C:/Users/Adam/Documents/GitHub/BieleA_SherwoodA/HW1/Saved/Config/Windows/Engine.ini" 505
"../../../Engine/Config/Android/AndroidEngine.ini" 506
"../../../Engine/Config/LinuxArm64/LinuxArm64Engine.ini" 507
"../../../Engine/Config/Mac/MacEngine.ini" 508
"../../../Engine/Config/Linux/LinuxEngine.ini" 509
"../../../Engine/Config/TVOS/TVOSEngine.ini" 510
"../../../Engine/Config/IOS/BaseIOSGame.ini" 511
"../../../Engine/Binaries/Win64/BootstrapPackagedGame-Win64-Shipping.target" 512
"../../../Engine/Binaries/Win64/BuildPatchTool-Win64-Shipping.target" 513
"../../../Engine/Binaries/Win64/CrashReportClient-Win64-Shipping.target" 514
"../../../Engine/Config/HoloLens/HoloLensGame.ini" 515
"../../../Engine/Config/Android/BaseAndroidGame.ini" 516
"../../../Engine/Config/IOS/IOSGame.ini" 517
"C:/Users/Adam/Documents/GitHub/BieleA_SherwoodA/HW1/Saved/Config/Windows/Game.ini" 518
"../../../Engine/Config/Mac/MacGame.ini" 519
"../../../Engine/Binaries/Win64/CrashReportClientEditor-Win64-Shipping.target" 520
"../../../Engine/Config/Linux/LinuxGame.ini" 521
"C:/Users/Adam/Documents/GitHub/BieleA_SherwoodA/HW1/Saved/Config/Windows/Input.ini" 522
"../../../Engine/Binaries/Win64/DatasmithCADWorker.target" 523
"../../../Engine/Binaries/Win64/EpicWebHelper.target" 524
"../../../Engine/Binaries/Win64/LiveCodingConsole.target" 525
"C:/Users/Adam/Documents/GitHub/BieleA_SherwoodA/HW1/Saved/Config/Windows/DeviceProfiles.ini" 526
"../../../Engine/Binaries/Win64/ShaderCompileWorker.target" 527
"../../../Engine/Binaries/Win64/SwitchboardListener.target" 528
"../../../Engine/Binaries/Win64/UnrealEditor-Win64-DebugGame.target" 529
"C:/Users/Adam/Documents/GitHub/BieleA_SherwoodA/HW1/Saved/Config/Windows/GameUserSettings.ini" 530
"../../../Engine/Config/Android/AndroidScalability.ini" 531
"../../../Engine/Config/IOS/IOSScalability.ini" 532
"C:/Users/Adam/Documents/GitHub/BieleA_SherwoodA/HW1/Saved/Config/Windows/Scalability.ini" 533
"C:/Users/Adam/Documents/GitHub/BieleA_SherwoodA/HW1/Saved/Config/Windows/RuntimeOptions.ini" 534
"C:/Users/Adam/Documents/GitHub/BieleA_SherwoodA/HW1/Saved/Config/Windows/Hardware.ini" 535
"../../../Engine/Binaries/Win64/UnrealEditor.target" 536
"../../../Engine/Plugins/Animation/ControlRig/Config/BaseControlRig.ini" 537
"C:/Users/Adam/Documents/GitHub/BieleA_SherwoodA/HW1/Saved/Config/WindowsEditor/ControlRig.ini" 538
"../../../Engine/Plugins/Animation/IKRig/Config/BaseIKRig.ini" 539
"../../../Engine/Plugins/2D/Paper2D/Config/BasePaper2D.ini" 540
"C:/Users/Adam/Documents/GitHub/BieleA_SherwoodA/HW1/Saved/Config/WindowsEditor/Paper2D.ini" 541
